<?xml version="1.0" encoding="UTF-8"?>
<testng-results ignored="0" total="1" passed="1" failed="0" skipped="0">
  <reporter-output>
  </reporter-output>
  <suite started-at="2022-11-15T16:27:31Z" name="Default suite" finished-at="2022-11-15T16:27:40Z" duration-ms="8463">
    <groups>
    </groups>
    <test started-at="2022-11-15T16:27:31Z" name="Default test" finished-at="2022-11-15T16:27:40Z" duration-ms="8463">
      <class name="com.automateSolution.testcases.CheckOutTest">
        <test-method is-config="true" signature="Setup()[pri:0, instance:com.automateSolution.testcases.CheckOutTest@3e74829]" started-at="2022-11-15T16:27:31Z" name="Setup" finished-at="2022-11-15T16:27:34Z" duration-ms="2530" status="PASS">
          <reporter-output>
          </reporter-output>
        </test-method> <!-- Setup -->
        <test-method signature="login()[pri:0, instance:com.automateSolution.testcases.CheckOutTest@3e74829]" started-at="2022-11-15T16:27:34Z" name="login" finished-at="2022-11-15T16:27:40Z" duration-ms="5586" status="PASS">
          <reporter-output>
          </reporter-output>
        </test-method> <!-- login -->
        <test-method is-config="true" signature="TearDown()[pri:0, instance:com.automateSolution.testcases.CheckOutTest@3e74829]" started-at="2022-11-15T16:27:40Z" name="TearDown" finished-at="2022-11-15T16:27:40Z" duration-ms="307" status="PASS">
          <reporter-output>
          </reporter-output>
        </test-method> <!-- TearDown -->
      </class> <!-- com.automateSolution.testcases.CheckOutTest -->
    </test> <!-- Default test -->
  </suite> <!-- Default suite -->
</testng-results>
